<?xml version="1.0" encoding="UTF-8"?>
<!-- Generated by org.testng.reporters.JUnitXMLReporter -->
<testsuite ignored="0" hostname="DESKTOP-IVBSBRH" failures="1" tests="4" name="Test" time="34.235" errors="0" timestamp="2024-03-04T21:48:01 IST">
  <testcase classname="com.practiceautomate.qa.tests.PopUpsPageTest" name="checkPageTitle" time="0.079"/>
  <testcase classname="com.practiceautomate.qa.tests.FileUploadPageTest" name="uploadUsingRobotClass" time="8.575"/>
  <testcase classname="com.practiceautomate.qa.tests.PopUpsPageTest" name="verifyingAlertPopUp" time="0.198">
    <failure type="java.lang.AssertionError" message="Alert message doesn&amp;apos;t match expected [] but found [Hi there, pal!]">
      <![CDATA[java.lang.AssertionError: Alert message doesn't match expected [] but found [Hi there, pal!]
at com.practiceautomate.qa.tests.PopUpsPageTest.verifyingAlertPopUp(PopUpsPageTest.java:66)
at java.base/java.util.concurrent.ThreadPoolExecutor.runWorker(ThreadPoolExecutor.java:1136)
at java.base/java.util.concurrent.ThreadPoolExecutor$Worker.run(ThreadPoolExecutor.java:635)
at java.base/java.lang.Thread.run(Thread.java:833)
... Removed 17 stack frames]]>
    </failure>
  </testcase> <!-- verifyingAlertPopUp -->
  <testcase classname="com.practiceautomate.qa.tests.FileUploadPageTest" name="uploadthroughBrowseButton" time="0.113"/>
</testsuite> <!-- Test -->
