<?xml version="1.0" encoding="UTF-8"?>
<!-- Generated by org.testng.reporters.JUnitReportReporter -->
<testsuite hostname="DESKTOP-IVBSBRH" failures="2" tests="2" name="TestRunners.FailedTestRunner" time="35.150" errors="0" timestamp="2024-03-25T18:02:35 IST" skipped="0">
  <testcase classname="TestRunners.FailedTestRunner" name="runScenario" time="17.557">
    <failure message="expected:&lt;...| Practice Automatio[n]&gt; but was:&lt;...| Practice Automatio[]&gt;" type="org.junit.ComparisonFailure">
      <![CDATA[org.junit.ComparisonFailure: expected:<...| Practice Automatio[n]> but was:<...| Practice Automatio[]>
at org.junit.Assert.assertEquals(Assert.java:117)
at org.junit.Assert.assertEquals(Assert.java:146)
at StepDefinitions.HomePageStepDefinitions.title_of_the_pop_ups_page_should_be(HomePageStepDefinitions.java:44)
at ✽.title of the page should be "Popups | Practice Automatio"(file:///C:/Users/estya/Desktop/InterviewPrep/POM_Project_NonStatic_Webdriver_BDD_TestNG/src/test/resources/Features/HomePage.feature:9)
]]>
    </failure>
  </testcase> <!-- runScenario -->
  <testcase classname="TestRunners.FailedTestRunner" name="runScenario" time="17.593">
    <failure message="expected:&lt;...| Practice Automatio[n]&gt; but was:&lt;...| Practice Automatio[]&gt;" type="org.junit.ComparisonFailure">
      <![CDATA[org.junit.ComparisonFailure: expected:<...| Practice Automatio[n]> but was:<...| Practice Automatio[]>
at org.junit.Assert.assertEquals(Assert.java:117)
at org.junit.Assert.assertEquals(Assert.java:146)
at StepDefinitions.HomePageStepDefinitions.title_of_the_pop_ups_page_should_be(HomePageStepDefinitions.java:44)
at ✽.title of the page should be "File Upload | Practice Automatio"(file:///C:/Users/estya/Desktop/InterviewPrep/POM_Project_NonStatic_Webdriver_BDD_TestNG/src/test/resources/Features/HomePage.feature:15)
]]>
    </failure>
  </testcase> <!-- runScenario -->
</testsuite> <!-- TestRunners.FailedTestRunner -->
